[debug] [2023-04-10T16:46:49.240Z] ----------------------------------------------------------------------
[debug] [2023-04-10T16:46:49.242Z] Command:       C:\Program Files\nodejs\node.exe C:\Users\yuvra\AppData\Roaming\npm\node_modules\firebase-tools\lib\bin\firebase.js init
[debug] [2023-04-10T16:46:49.243Z] CLI Version:   11.25.3
[debug] [2023-04-10T16:46:49.243Z] Platform:      win32
[debug] [2023-04-10T16:46:49.243Z] Node Version:  v18.15.0
[debug] [2023-04-10T16:46:49.244Z] Time:          Mon Apr 10 2023 22:16:49 GMT+0530 (India Standard Time)
[debug] [2023-04-10T16:46:49.245Z] ----------------------------------------------------------------------
[debug] 
[debug] [2023-04-10T16:46:49.323Z] > command requires scopes: ["email","openid","https://www.googleapis.com/auth/cloudplatformprojects.readonly","https://www.googleapis.com/auth/firebase","https://www.googleapis.com/auth/cloud-platform"]
[debug] [2023-04-10T16:46:49.324Z] > authorizing via signed-in user (yuvraj2675@gmail.com)
[info] 
     ######## #### ########  ######## ########     ###     ######  ########
     ##        ##  ##     ## ##       ##     ##  ##   ##  ##       ##
     ######    ##  ########  ######   ########  #########  ######  ######
     ##        ##  ##    ##  ##       ##     ## ##     ##       ## ##
     ##       #### ##     ## ######## ########  ##     ##  ######  ########

You're about to initialize a Firebase project in this directory:

  C:\Users\yuvra\OneDrive\Desktop\Netflix-clone-master\Netflix-clone-master

Before we get started, keep in mind:

  * You are initializing within an existing Firebase project directory

[info] 
=== Project Setup
[info] 
[info] First, let's associate this project directory with a Firebase project.
[info] You can create multiple project aliases by running firebase use --add, 
[info] but for now we'll just set up a default project.
[info] 
[debug] [2023-04-10T16:46:53.410Z] Using project from CLI flag: netflix-d7399
[debug] [2023-04-10T16:46:53.414Z] >>> [apiv2][query] GET https://firebase.googleapis.com/v1beta1/projects/netflix-d7399 [none]
[debug] [2023-04-10T16:46:54.159Z] <<< [apiv2][status] GET https://firebase.googleapis.com/v1beta1/projects/netflix-d7399 403
[debug] [2023-04-10T16:46:54.159Z] <<< [apiv2][body] GET https://firebase.googleapis.com/v1beta1/projects/netflix-d7399 {"error":{"code":403,"message":"The caller does not have permission","status":"PERMISSION_DENIED"}}
[debug] [2023-04-10T16:46:54.160Z] HTTP Error: 403, The caller does not have permission
[debug] [2023-04-10T16:46:54.318Z] FirebaseError: HTTP Error: 403, The caller does not have permission
    at responseToError (C:\Users\yuvra\AppData\Roaming\npm\node_modules\firebase-tools\lib\responseToError.js:49:12)
    at RetryOperation._fn (C:\Users\yuvra\AppData\Roaming\npm\node_modules\firebase-tools\lib\apiv2.js:288:77)
    at process.processTicksAndRejections (node:internal/process/task_queues:95:5)
[error] 
[error] Error: Failed to get Firebase project netflix-d7399. Please make sure the project exists and your account has permission to access it.
[debug] [2023-04-10T16:48:31.837Z] ----------------------------------------------------------------------
[debug] [2023-04-10T16:48:31.839Z] Command:       C:\Program Files\nodejs\node.exe C:\Users\yuvra\AppData\Roaming\npm\node_modules\firebase-tools\lib\bin\firebase.js init
[debug] [2023-04-10T16:48:31.840Z] CLI Version:   11.25.3
[debug] [2023-04-10T16:48:31.841Z] Platform:      win32
[debug] [2023-04-10T16:48:31.841Z] Node Version:  v18.15.0
[debug] [2023-04-10T16:48:31.842Z] Time:          Mon Apr 10 2023 22:18:31 GMT+0530 (India Standard Time)
[debug] [2023-04-10T16:48:31.842Z] ----------------------------------------------------------------------
[debug] 
[debug] [2023-04-10T16:48:31.929Z] > command requires scopes: ["email","openid","https://www.googleapis.com/auth/cloudplatformprojects.readonly","https://www.googleapis.com/auth/firebase","https://www.googleapis.com/auth/cloud-platform"]
[debug] [2023-04-10T16:48:31.930Z] > authorizing via signed-in user (yuvraj2675@gmail.com)
[info] 
     ######## #### ########  ######## ########     ###     ######  ########
     ##        ##  ##     ## ##       ##     ##  ##   ##  ##       ##
     ######    ##  ########  ######   ########  #########  ######  ######
     ##        ##  ##    ##  ##       ##     ## ##     ##       ## ##
     ##       #### ##     ## ######## ########  ##     ##  ######  ########

You're about to initialize a Firebase project in this directory:

  C:\Users\yuvra\OneDrive\Desktop\Netflix-clone-master\Netflix-clone-master

Before we get started, keep in mind:

  * You are initializing within an existing Firebase project directory

[info] 
=== Project Setup
[info] 
[info] First, let's associate this project directory with a Firebase project.
[info] You can create multiple project aliases by running firebase use --add, 
[info] but for now we'll just set up a default project.
[info] 
[debug] [2023-04-10T16:48:35.579Z] Using project from CLI flag: netflix-954db
[debug] [2023-04-10T16:48:35.583Z] >>> [apiv2][query] GET https://firebase.googleapis.com/v1beta1/projects/netflix-954db [none]
[debug] [2023-04-10T16:48:36.064Z] <<< [apiv2][status] GET https://firebase.googleapis.com/v1beta1/projects/netflix-954db 200
[debug] [2023-04-10T16:48:36.065Z] <<< [apiv2][body] GET https://firebase.googleapis.com/v1beta1/projects/netflix-954db {"projectId":"netflix-954db","projectNumber":"862594452008","displayName":"netflix","name":"projects/netflix-954db","resources":{"hostingSite":"netflix-954db"},"state":"ACTIVE","etag":"1_799a1527-56dc-4398-9615-011237464cc2"}
[info] i  Using project netflix-954db (netflix) 
[info] 
=== Hosting Setup
[info] 
[info] Your public directory is the folder (relative to your project directory) that
[info] will contain Hosting assets to be uploaded with firebase deploy. If you
[info] have a build process for your assets, use your build's output directory.
[info] 
[info] +  Wrote public/404.html 
[debug] [2023-04-10T16:49:40.385Z] >>> [apiv2][query] GET https://www.gstatic.com/firebasejs/releases.json [none]
[debug] [2023-04-10T16:49:40.488Z] <<< [apiv2][status] GET https://www.gstatic.com/firebasejs/releases.json 200
[debug] [2023-04-10T16:49:40.489Z] <<< [apiv2][body] GET https://www.gstatic.com/firebasejs/releases.json {"current":{"version":"9.19.1","browserURL":"https://www.gstatic.com/firebasejs/9.19.1/firebase.js","packageURL":"https://www.gstatic.com/firebasejs/9.19.1/firebase.tgz"},"live":{"version":"9.19","browserURL":"https://www.gstatic.com/firebasejs/live/9.19/firebase.js","packageURL":"https://www.gstatic.com/firebasejs/live/9.19/firebase.tgz"},"components":{"analytics":"https://www.gstatic.com/firebasejs/9.19.1/firebase-analytics.js","app":"https://www.gstatic.com/firebasejs/9.19.1/firebase-app.js","app-check":"https://www.gstatic.com/firebasejs/9.19.1/firebase-app-check.js","auth":"https://www.gstatic.com/firebasejs/9.19.1/firebase-auth.js","auth/cordova":"https://www.gstatic.com/firebasejs/9.19.1/firebase-auth/cordova.js","auth/react-native":"https://www.gstatic.com/firebasejs/9.19.1/firebase-auth/react-native.js","functions":"https://www.gstatic.com/firebasejs/9.19.1/firebase-functions.js","firestore":"https://www.gstatic.com/firebasejs/9.19.1/firebase-firestore.js","firestore/lite":"https://www.gstatic.com/firebasejs/9.19.1/firebase-firestore/lite.js","installations":"https://www.gstatic.com/firebasejs/9.19.1/firebase-installations.js","storage":"https://www.gstatic.com/firebasejs/9.19.1/firebase-storage.js","performance":"https://www.gstatic.com/firebasejs/9.19.1/firebase-performance.js","remote-config":"https://www.gstatic.com/firebasejs/9.19.1/firebase-remote-config.js","messaging":"https://www.gstatic.com/firebasejs/9.19.1/firebase-messaging.js","messaging/sw":"https://www.gstatic.com/firebasejs/9.19.1/firebase-messaging/sw.js","database":"https://www.gstatic.com/firebasejs/9.19.1/firebase-database.js","firestore.memory":"https://www.gstatic.com/firebasejs/9.19.1/firebase-firestore.memory.js"}}
[info] i  Skipping write of public/index.html 
[info] 
[info] i  Didn't detect a .git folder. Assuming C:\Users\yuvra\OneDrive\Desktop\Netflix-clone-master\Netflix-clone-master is the project root. 
[info] i  Authorizing with GitHub to upload your service account to a GitHub repository's secrets store. 
[info] 
[info] Visit this URL on this device to log in:
[info] https://github.com/login/oauth/authorize?client_id=89cf50f02ac6aaed3484&state=835503940&redirect_uri=http%3A%2F%2Flocalhost%3A9005&scope=read%3Auser%20repo%20public_repo
[info] 
[info] Waiting for authentication...
[debug] [2023-04-10T16:50:04.034Z] >>> [apiv2][query] POST https://github.com/login/oauth/access_token [none]
[debug] [2023-04-10T16:50:04.035Z] >>> [apiv2][body] POST https://github.com/login/oauth/access_token [stream]
[debug] [2023-04-10T16:50:04.405Z] <<< [apiv2][status] POST https://github.com/login/oauth/access_token 200
[debug] [2023-04-10T16:50:04.406Z] <<< [apiv2][body] POST https://github.com/login/oauth/access_token {"access_token":"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","token_type":"bearer","scope":"read:user,repo"}
[debug] [2023-04-10T16:50:04.415Z] >>> [apiv2][query] GET https://api.github.com/user [none]
[debug] [2023-04-10T16:50:04.800Z] <<< [apiv2][status] GET https://api.github.com/user 200
[debug] [2023-04-10T16:50:04.800Z] <<< [apiv2][body] GET https://api.github.com/user {"login":"yuvraj2675","id":80637788,"node_id":"MDQ6VXNlcjgwNjM3Nzg4","avatar_url":"https://avatars.githubusercontent.com/u/80637788?v=4","gravatar_id":"","url":"https://api.github.com/users/yuvraj2675","html_url":"https://github.com/yuvraj2675","followers_url":"https://api.github.com/users/yuvraj2675/followers","following_url":"https://api.github.com/users/yuvraj2675/following{/other_user}","gists_url":"https://api.github.com/users/yuvraj2675/gists{/gist_id}","starred_url":"https://api.github.com/users/yuvraj2675/starred{/owner}{/repo}","subscriptions_url":"https://api.github.com/users/yuvraj2675/subscriptions","organizations_url":"https://api.github.com/users/yuvraj2675/orgs","repos_url":"https://api.github.com/users/yuvraj2675/repos","events_url":"https://api.github.com/users/yuvraj2675/events{/privacy}","received_events_url":"https://api.github.com/users/yuvraj2675/received_events","type":"User","site_admin":false,"name":"YUVRAJ N JADHAV","company":null,"blog":"","location":"Navi Mumbai","email":null,"hireable":true,"bio":"I  am a final year Computer Grad .","twitter_username":"itsmeyuvraj","public_repos":1,"public_gists":0,"followers":0,"following":1,"created_at":"2021-03-14T16:02:03Z","updated_at":"2023-04-07T12:37:14Z","private_gists":0,"total_private_repos":1,"owned_private_repos":1,"disk_usage":0,"collaborators":0,"two_factor_authentication":false,"plan":{"name":"pro","space":976562499,"collaborators":0,"private_repos":9999}}
[info] 
[info] +  Success! Logged into GitHub as yuvraj2675 
[info] 
[debug] [2023-04-10T16:52:25.089Z] >>> [apiv2][query] GET https://api.github.com/repos/theindianappguy/ama-web3-portal/actions/secrets/public-key type=owner
[debug] [2023-04-10T16:52:25.409Z] <<< [apiv2][status] GET https://api.github.com/repos/theindianappguy/ama-web3-portal/actions/secrets/public-key 403
[debug] [2023-04-10T16:52:25.409Z] <<< [apiv2][body] GET https://api.github.com/repos/theindianappguy/ama-web3-portal/actions/secrets/public-key {"message":"Must have admin rights to Repository.","documentation_url":"https://docs.github.com/rest/reference/actions#get-a-repository-public-key"}
[info] 
[info] 
[error] !  The provided authorization cannot be used with this repository. If this repository is in an organization, did you remember to grant access? 
[info] 
[info] i  Action required: Visit this URL to ensure access has been granted to the appropriate organization(s) for the Firebase CLI GitHub OAuth App: 
[info] https://github.com/settings/connections/applications/89cf50f02ac6aaed3484
[info] 
